<?xml version="1.0" encoding="UTF-8"?>
<!-- Generated by org.testng.reporters.JUnitReportReporter -->
<testsuite hostname="DESKTOP-0VGS6HA" failures="0" tests="1" name="SignupTest_Cases" time="7.012" errors="0" timestamp="2023-10-07T22:03:49 EET" skipped="0">
  <testcase classname="SignupTest_Cases" name="SignUp" time="7.012"/>
  <system-out/>
</testsuite> <!-- SignupTest_Cases -->
